<?xml version="1.0" encoding="UTF-8"?>
<!-- Generated by org.testng.reporters.JUnitXMLReporter -->
<testsuite ignored="0" hostname="Raryan" failures="0" tests="7" name="Default test" time="362.341" errors="0" timestamp="2023-05-29T13:03:51 IST">
  <testcase classname="Demo.AppiumFramework.TestHybridApp" name="bookNow" time="82.003"/>
  <testcase classname="Demo.AppiumFramework.TestHybridApp" name="menuBar_bookings" time="30.348"/>
  <testcase classname="Demo.AppiumFramework.TestHybridApp" name="aboutUs" time="23.909"/>
  <testcase classname="Demo.AppiumFramework.TestHybridApp" name="informationCenter" time="46.405"/>
  <testcase classname="Demo.AppiumFramework.TestHybridApp" name="Profile" time="35.491"/>
  <testcase classname="Demo.AppiumFramework.TestHybridApp" name="appLanguage" time="22.416"/>
  <testcase classname="Demo.AppiumFramework.TestHybridApp" name="callUs" time="44.162"/>
</testsuite> <!-- Default test -->
